<?xml version="1.0" encoding="UTF-8"?>
<testsuite name="Cucumber" time="27.27" tests="1" skipped="0" failures="0" errors="0">
<testcase classname="Paralel Test" name="Paralel Test" time="26.776">
<system-out><![CDATA[
Given "pazarama" sitesine gidilir...........................................passed
When search boxina "jenga" yazilir..........................................passed
Then goruntulunen sonuclarda "Jenga" oldugu dogrulanir......................passed
When ilk urun favorilere ekler..............................................passed
Then giris sayfasi acilir...................................................passed
And email ve password kutularina veri girilir...............................passed
Then giris yapilamadigi dogrulanir..........................................passed
]]></system-out>
</testcase>
</testsuite>
